<?xml version="1.0" encoding="UTF-8"?>
<testsuite name="com.bridgelabz.StackTest" tests="1" skipped="0" failures="0" errors="0" timestamp="2021-05-02T14:03:37" hostname="SHALINI" time="0.121">
  <properties/>
  <testcase name="given3Nums_WhenAdded_ShouldHaveLastAdded()" classname="com.bridgelabz.StackTest" time="0.121"/>
  <system-out><![CDATA[My Nodes: 56-->30-->70
]]></system-out>
  <system-err><![CDATA[]]></system-err>
</testsuite>
