<?xml version="1.0" encoding="UTF-8"?>
<testsuite name="com.bridgelabz.StackTest" tests="1" skipped="0" failures="0" errors="0" timestamp="2021-05-04T02:29:39" hostname="SHALINI" time="0.041">
  <properties/>
  <testcase name="whenDequeued_TailShouldBeMovedBackOneNode()" classname="com.bridgelabz.StackTest" time="0.041"/>
  <system-out><![CDATA[]]></system-out>
  <system-err><![CDATA[]]></system-err>
</testsuite>
